<?xml version="1.0" encoding="UTF-8"?>
<coverage generated="1584333603588" clover="3.2.0">
  <project timestamp="1584333603589" name="All files">
    <metrics statements="14" coveredstatements="11" conditionals="10" coveredconditionals="5" methods="13" coveredmethods="10" elements="37" coveredelements="26" complexity="0" loc="14" ncloc="14" packages="2" files="2" classes="2"/>
    <package name="src">
      <metrics statements="3" coveredstatements="3" conditionals="0" coveredconditionals="0" methods="2" coveredmethods="2"/>
      <file name="utils.js" path="/mnt/d/Team_GitLab/first-project/src/frontend/src/utils.js">
        <metrics statements="3" coveredstatements="3" conditionals="0" coveredconditionals="0" methods="2" coveredmethods="2"/>
        <line num="2" count="1" type="stmt"/>
        <line num="3" count="8" type="stmt"/>
        <line num="6" count="1" type="stmt"/>
      </file>
    </package>
    <package name="src.reducers">
      <metrics statements="11" coveredstatements="8" conditionals="10" coveredconditionals="5" methods="11" coveredmethods="8"/>
      <file name="useTodos.js" path="/mnt/d/Team_GitLab/first-project/src/frontend/src/reducers/useTodos.js">
        <metrics statements="11" coveredstatements="8" conditionals="10" coveredconditionals="5" methods="11" coveredmethods="8"/>
        <line num="5" count="1" type="stmt"/>
        <line num="11" count="1" type="stmt"/>
        <line num="13" count="1" type="stmt"/>
        <line num="16" count="1" type="stmt"/>
        <line num="20" count="0" type="stmt"/>
        <line num="21" count="0" type="cond" truecount="0" falsecount="2"/>
        <line num="31" count="1" type="stmt"/>
        <line num="32" count="1" type="cond" truecount="1" falsecount="1"/>
        <line num="42" count="1" type="stmt"/>
        <line num="43" count="1" type="cond" truecount="1" falsecount="1"/>
        <line num="57" count="0" type="stmt"/>
      </file>
    </package>
  </project>
</coverage>
