{"/mnt/d/Team_GitLab/first-project/src/frontend/src/utils.js": {"path":"/mnt/d/Team_GitLab/first-project/src/frontend/src/utils.js","statementMap":{"0":{"start":{"line":2,"column":11},"end":{"line":4,"column":3}},"1":{"start":{"line":3,"column":4},"end":{"line":3,"column":75}},"2":{"start":{"line":6,"column":2},"end":{"line":6,"column":72}}},"fnMap":{"0":{"name":"guid","decl":{"start":{"line":1,"column":16},"end":{"line":1,"column":20}},"loc":{"start":{"line":1,"column":23},"end":{"line":7,"column":1}},"line":1},"1":{"name":"(anonymous_1)","decl":{"start":{"line":2,"column":11},"end":{"line":2,"column":12}},"loc":{"start":{"line":2,"column":17},"end":{"line":4,"column":3}},"line":2}},"branchMap":{},"s":{"0":1,"1":8,"2":1},"f":{"0":1,"1":8},"b":{},"_coverageSchema":"43e27e138ebf9cfc5966b082cf9a028302ed4184","hash":"9beb473a93697218c902c9abd1035d54676fd3c9"}
,"/mnt/d/Team_GitLab/first-project/src/frontend/src/reducers/useTodos.js": {"path":"/mnt/d/Team_GitLab/first-project/src/frontend/src/reducers/useTodos.js","statementMap":{"0":{"start":{"line":5,"column":23},"end":{"line":9,"column":2}},"1":{"start":{"line":5,"column":33},"end":{"line":9,"column":1}},"2":{"start":{"line":11,"column":23},"end":{"line":50,"column":1}},"3":{"start":{"line":13,"column":29},"end":{"line":13,"column":59}},"4":{"start":{"line":13,"column":47},"end":{"line":13,"column":58}},"5":{"start":{"line":16,"column":29},"end":{"line":16,"column":55}},"6":{"start":{"line":20,"column":4},"end":{"line":27,"column":5}},"7":{"start":{"line":21,"column":6},"end":{"line":26,"column":11}},"8":{"start":{"line":31,"column":4},"end":{"line":38,"column":5}},"9":{"start":{"line":32,"column":6},"end":{"line":37,"column":11}},"10":{"start":{"line":42,"column":4},"end":{"line":49,"column":5}},"11":{"start":{"line":43,"column":6},"end":{"line":48,"column":11}},"12":{"start":{"line":57,"column":11},"end":{"line":57,"column":63}}},"fnMap":{"0":{"name":"(anonymous_0)","decl":{"start":{"line":5,"column":23},"end":{"line":5,"column":24}},"loc":{"start":{"line":5,"column":33},"end":{"line":9,"column":1}},"line":5},"1":{"name":"(anonymous_1)","decl":{"start":{"line":13,"column":14},"end":{"line":13,"column":15}},"loc":{"start":{"line":13,"column":29},"end":{"line":13,"column":59}},"line":13},"2":{"name":"(anonymous_2)","decl":{"start":{"line":13,"column":42},"end":{"line":13,"column":43}},"loc":{"start":{"line":13,"column":47},"end":{"line":13,"column":58}},"line":13},"3":{"name":"(anonymous_3)","decl":{"start":{"line":16,"column":11},"end":{"line":16,"column":12}},"loc":{"start":{"line":16,"column":29},"end":{"line":16,"column":55}},"line":16},"4":{"name":"(anonymous_4)","decl":{"start":{"line":19,"column":11},"end":{"line":19,"column":12}},"loc":{"start":{"line":20,"column":4},"end":{"line":27,"column":5}},"line":20},"5":{"name":"(anonymous_5)","decl":{"start":{"line":20,"column":14},"end":{"line":20,"column":15}},"loc":{"start":{"line":21,"column":6},"end":{"line":26,"column":11}},"line":21},"6":{"name":"(anonymous_6)","decl":{"start":{"line":30,"column":12},"end":{"line":30,"column":13}},"loc":{"start":{"line":31,"column":4},"end":{"line":38,"column":5}},"line":31},"7":{"name":"(anonymous_7)","decl":{"start":{"line":31,"column":14},"end":{"line":31,"column":15}},"loc":{"start":{"line":32,"column":6},"end":{"line":37,"column":11}},"line":32},"8":{"name":"(anonymous_8)","decl":{"start":{"line":41,"column":14},"end":{"line":41,"column":15}},"loc":{"start":{"line":42,"column":4},"end":{"line":49,"column":5}},"line":42},"9":{"name":"(anonymous_9)","decl":{"start":{"line":42,"column":14},"end":{"line":42,"column":15}},"loc":{"start":{"line":43,"column":6},"end":{"line":48,"column":11}},"line":43},"10":{"name":"(anonymous_10)","decl":{"start":{"line":57,"column":2},"end":{"line":57,"column":3}},"loc":{"start":{"line":57,"column":11},"end":{"line":57,"column":63}},"line":57}},"branchMap":{"0":{"loc":{"start":{"line":8,"column":10},"end":{"line":8,"column":21}},"type":"binary-expr","locations":[{"start":{"line":8,"column":10},"end":{"line":8,"column":15}},{"start":{"line":8,"column":19},"end":{"line":8,"column":21}}],"line":8},"1":{"loc":{"start":{"line":21,"column":6},"end":{"line":26,"column":11}},"type":"cond-expr","locations":[{"start":{"line":22,"column":10},"end":{"line":25,"column":11}},{"start":{"line":26,"column":10},"end":{"line":26,"column":11}}],"line":21},"2":{"loc":{"start":{"line":32,"column":6},"end":{"line":37,"column":11}},"type":"cond-expr","locations":[{"start":{"line":33,"column":10},"end":{"line":36,"column":11}},{"start":{"line":37,"column":10},"end":{"line":37,"column":11}}],"line":32},"3":{"loc":{"start":{"line":43,"column":6},"end":{"line":48,"column":11}},"type":"cond-expr","locations":[{"start":{"line":44,"column":10},"end":{"line":47,"column":11}},{"start":{"line":48,"column":10},"end":{"line":48,"column":11}}],"line":43},"4":{"loc":{"start":{"line":54,"column":13},"end":{"line":54,"column":50}},"type":"binary-expr","locations":[{"start":{"line":54,"column":13},"end":{"line":54,"column":42}},{"start":{"line":54,"column":46},"end":{"line":54,"column":50}}],"line":54}},"s":{"0":1,"1":1,"2":1,"3":1,"4":1,"5":1,"6":0,"7":0,"8":1,"9":1,"10":1,"11":1,"12":0},"f":{"0":1,"1":1,"2":1,"3":1,"4":0,"5":0,"6":1,"7":1,"8":1,"9":1,"10":0},"b":{"0":[1,0],"1":[0,0],"2":[1,0],"3":[1,0],"4":[1,1]},"_coverageSchema":"43e27e138ebf9cfc5966b082cf9a028302ed4184","hash":"65b5a0e9b06f8b346f6eb519453aa4726eceff28"}
}
