TN:
SF:/mnt/d/Team_GitLab/first-project/src/frontend/src/utils.js
FN:1,guid
FN:2,(anonymous_1)
FNF:2
FNH:2
FNDA:1,guid
FNDA:8,(anonymous_1)
DA:2,1
DA:3,8
DA:6,1
LF:3
LH:3
BRF:0
BRH:0
end_of_record
TN:
SF:/mnt/d/Team_GitLab/first-project/src/frontend/src/reducers/useTodos.js
FN:5,(anonymous_0)
FN:13,(anonymous_1)
FN:13,(anonymous_2)
FN:16,(anonymous_3)
FN:19,(anonymous_4)
FN:20,(anonymous_5)
FN:30,(anonymous_6)
FN:31,(anonymous_7)
FN:41,(anonymous_8)
FN:42,(anonymous_9)
FN:57,(anonymous_10)
FNF:11
FNH:8
FNDA:1,(anonymous_0)
FNDA:1,(anonymous_1)
FNDA:1,(anonymous_2)
FNDA:1,(anonymous_3)
FNDA:0,(anonymous_4)
FNDA:0,(anonymous_5)
FNDA:1,(anonymous_6)
FNDA:1,(anonymous_7)
FNDA:1,(anonymous_8)
FNDA:1,(anonymous_9)
FNDA:0,(anonymous_10)
DA:5,1
DA:11,1
DA:13,1
DA:16,1
DA:20,0
DA:21,0
DA:31,1
DA:32,1
DA:42,1
DA:43,1
DA:57,0
LF:11
LH:8
BRDA:8,0,0,1
BRDA:8,0,1,0
BRDA:21,1,0,0
BRDA:21,1,1,0
BRDA:32,2,0,1
BRDA:32,2,1,0
BRDA:43,3,0,1
BRDA:43,3,1,0
BRDA:54,4,0,1
BRDA:54,4,1,1
BRF:10
BRH:5
end_of_record
